<html>
<body>
<pre>
<h1>µVision Build Log</h1>
<h2>Tool Versions:</h2>
IDE-Version: µVision V5.17.0.0
Copyright (C) 2015 ARM Ltd and ARM Germany GmbH. All rights reserved.
License Information: Zwonni de Blouw, HanzeHogeschool, LIC=----
 
Tool Versions:
Toolchain:       MDK-Lite  Version: 5.17
Toolchain Path:  C:\Keil_v5\ARM\ARMCC\Bin
C Compiler:      Armcc.exe V5.06 update 1 (build 61)
Assembler:       Armasm.exe V5.06 update 1 (build 61)
Linker/Locator:  ArmLink.exe V5.06 update 1 (build 61)
Library Manager: ArmAr.exe V5.06 update 1 (build 61)
Hex Converter:   FromElf.exe V5.06 update 1 (build 61)
CPU DLL:         SARM.DLL V5.17
Dialog DLL:      DARMP.DLL V1.51
Target DLL:      UL2ARM.DLL V1.74.7.0
Dialog DLL:      TARMP.DLL V1.51
 
<h2>Project:</h2>
C:\Users\Zwonni\Documents\Hanze Elektro\EPDE\Embedded Systems\ARM7\_git\ARM7\Assignment_Three\exercise1.uvproj
Project File Date:  10/01/2017

<h2>Output:</h2>
*** Using Compiler 'V5.06 update 1 (build 61)', folder: 'C:\Keil_v5\ARM\ARMCC\Bin'
Build target 'LPC2378'
compiling assignement2.c...
assignement2.c(70): error:  #31: expression must have integral type
  		int digit = value % 10;
assignement2.c(81): error:  #25: quoted string should contain at least one character
  	usb[5] = '';
assignement2.c(83): error:  #25: quoted string should contain at least one character
  	usb[6] = ''; // MSByte sample
assignement2.c(84): error:  #25: quoted string should contain at least one character
  	usb[7] = ''; // LSByte sample
assignement2.c(51): warning:  #550-D: variable "usb" was set but never used
  	unsigned char usb[8]; // string to send
assignement2.c: 1 warning, 4 errors
".\Objects\exercise1.axf" - 4 Error(s), 1 Warning(s).
Target not created.
Build Time Elapsed:  00:00:01
</pre>
</body>
</html>
